--------------------------------------------------------------------------------
Release 13.1 Trace  (nt64)
Copyright (c) 1995-2011 Xilinx, Inc.  All rights reserved.

C:\Xilinx\13.1\ISE_DS\ISE\bin\nt64\unwrapped\trce.exe -intstyle ise -v 3 -s 5
-n 3 -fastpaths -xml FOURBF.twx FOURBF.ncd -o FOURBF.twr FOURBF.pcf -ucf
hvhvhc.ucf

Design file:              FOURBF.ncd
Physical constraint file: FOURBF.pcf
Device,package,speed:     xc3s400,pq208,-5 (PRODUCTION 1.39 2011-02-03)
Report level:             verbose report

Environment Variable      Effect 
--------------------      ------ 
NONE                      No environment variables were set
--------------------------------------------------------------------------------

INFO:Timing:2698 - No timing constraints found, doing default enumeration.
INFO:Timing:2752 - To get complete path coverage, use the unconstrained paths 
   option. All paths that are not constrained will be reported in the 
   unconstrained paths section(s) of the report.
INFO:Timing:3339 - The clock-to-out numbers in this timing report are based on 
   a 50 Ohm transmission line loading model.  For the details of this model, 
   and for more information on accounting for different loading conditions, 
   please see the device datasheet.
INFO:Timing:3390 - This architecture does not support a default System Jitter 
   value, please add SYSTEM_JITTER constraint to the UCF to modify the Clock 
   Uncertainty calculation.
INFO:Timing:3389 - This architecture does not support 'Discrete Jitter' and 
   'Phase Error' calculations, these terms will be zero in the Clock 
   Uncertainty calculation.  Please make appropriate modification to 
   SYSTEM_JITTER to account for the unsupported Discrete Jitter and Phase 
   Error.



Data Sheet report:
-----------------
All values displayed in nanoseconds (ns)

Pad to Pad
---------------+---------------+---------+
Source Pad     |Destination Pad|  Delay  |
---------------+---------------+---------+
A<0>           |C_out          |   12.282|
A<0>           |S<0>           |    9.322|
A<0>           |S<1>           |   10.456|
A<0>           |S<2>           |   11.466|
A<0>           |S<3>           |   12.277|
A<1>           |C_out          |   11.736|
A<1>           |S<1>           |    9.612|
A<1>           |S<2>           |   10.920|
A<1>           |S<3>           |   11.731|
A<2>           |C_out          |    9.778|
A<2>           |S<2>           |    9.253|
A<2>           |S<3>           |    9.773|
A<3>           |C_out          |    9.845|
A<3>           |S<3>           |    9.479|
B<0>           |C_out          |   12.387|
B<0>           |S<0>           |    9.447|
B<0>           |S<1>           |   10.561|
B<0>           |S<2>           |   11.571|
B<0>           |S<3>           |   12.382|
B<1>           |C_out          |   11.720|
B<1>           |S<1>           |    9.695|
B<1>           |S<2>           |   10.904|
B<1>           |S<3>           |   11.715|
B<2>           |C_out          |   10.326|
B<2>           |S<2>           |    9.510|
B<2>           |S<3>           |   10.321|
B<3>           |C_out          |    9.837|
B<3>           |S<3>           |    9.848|
C_in           |C_out          |   12.369|
C_in           |S<0>           |    9.702|
C_in           |S<1>           |   10.543|
C_in           |S<2>           |   11.553|
C_in           |S<3>           |   12.364|
---------------+---------------+---------+


Analysis completed Sun Oct 28 16:46:17 2018 
--------------------------------------------------------------------------------

Trace Settings:
-------------------------
Trace Settings 

Peak Memory Usage: 147 MB



