--------------------------------------------------------------------------------
Release 13.1 Trace  (nt64)
Copyright (c) 1995-2011 Xilinx, Inc.  All rights reserved.

C:\Xilinx\13.1\ISE_DS\ISE\bin\nt64\unwrapped\trce.exe -intstyle ise -v 3 -s 5
-n 3 -fastpaths -xml TWOBF.twx TWOBF.ncd -o TWOBF.twr TWOBF.pcf -ucf hvhvhc.ucf

Design file:              TWOBF.ncd
Physical constraint file: TWOBF.pcf
Device,package,speed:     xc3s400,pq208,-5 (PRODUCTION 1.39 2011-02-03)
Report level:             verbose report

Environment Variable      Effect 
--------------------      ------ 
NONE                      No environment variables were set
--------------------------------------------------------------------------------

INFO:Timing:2698 - No timing constraints found, doing default enumeration.
INFO:Timing:2752 - To get complete path coverage, use the unconstrained paths 
   option. All paths that are not constrained will be reported in the 
   unconstrained paths section(s) of the report.
INFO:Timing:3339 - The clock-to-out numbers in this timing report are based on 
   a 50 Ohm transmission line loading model.  For the details of this model, 
   and for more information on accounting for different loading conditions, 
   please see the device datasheet.
INFO:Timing:3390 - This architecture does not support a default System Jitter 
   value, please add SYSTEM_JITTER constraint to the UCF to modify the Clock 
   Uncertainty calculation.
INFO:Timing:3389 - This architecture does not support 'Discrete Jitter' and 
   'Phase Error' calculations, these terms will be zero in the Clock 
   Uncertainty calculation.  Please make appropriate modification to 
   SYSTEM_JITTER to account for the unsupported Discrete Jitter and Phase 
   Error.



Data Sheet report:
-----------------
All values displayed in nanoseconds (ns)

Pad to Pad
---------------+---------------+---------+
Source Pad     |Destination Pad|  Delay  |
---------------+---------------+---------+
A<0>           |C_out          |   10.395|
A<0>           |S<0>           |   10.133|
A<0>           |S<1>           |   10.807|
A<1>           |C_out          |    9.936|
A<1>           |S<1>           |   10.244|
B<0>           |C_out          |   10.374|
B<0>           |S<0>           |   10.222|
B<0>           |S<1>           |   10.786|
B<1>           |C_out          |    9.747|
B<1>           |S<1>           |   10.228|
C_in           |C_out          |   10.121|
C_in           |S<0>           |   10.242|
C_in           |S<1>           |   10.533|
---------------+---------------+---------+


Analysis completed Sun Oct 28 15:58:04 2018 
--------------------------------------------------------------------------------

Trace Settings:
-------------------------
Trace Settings 

Peak Memory Usage: 147 MB



